# JRE version: Java(TM) SE Runtime Environment (8.0_161-b12) (build 1.8.0_161-b12)
# Java VM: Java HotSpot(TM) 64-Bit Server VM (25.161-b12 mixed mode windows-amd64 compressed oops)
Heap:
 PSYoungGen      total 250368K, used 155768K [0x00000000eab00000, 0x00000000ff380000, 0x0000000100000000)
  eden space 179712K, 74% used [0x00000000eab00000,0x00000000f2cf76f0,0x00000000f5a80000)
  from space 70656K, 32% used [0x00000000fae80000,0x00000000fc4a6cf0,0x00000000ff380000)
  to   space 78336K, 0% used [0x00000000f5a80000,0x00000000f5a80000,0x00000000fa700000)
 ParOldGen       total 343552K, used 197210K [0x00000000c0000000, 0x00000000d4f80000, 0x00000000eab00000)
  object space 343552K, 57% used [0x00000000c0000000,0x00000000cc0969c0,0x00000000d4f80000)
 Metaspace       used 125575K, capacity 135582K, committed 136344K, reserved 1167360K
  class space    used 16092K, capacity 18264K, committed 18608K, reserved 1048576K
GC Heap History (10 events):
Event: 34964.840 GC heap before
{Heap before GC invocations=104 (full 7):
 PSYoungGen      total 254976K, used 254591K [0x00000000eab00000, 0x0000000100000000, 0x0000000100000000)
  eden space 200704K, 99% used [0x00000000eab00000,0x00000000f6ea7828,0x00000000f6f00000)
  from space 54272K, 99% used [0x00000000fc700000,0x00000000ffbf8498,0x00000000ffc00000)
  to   space 74240K, 0% used [0x00000000f6f00000,0x00000000f6f00000,0x00000000fb780000)
 ParOldGen       total 261632K, used 196818K [0x00000000c0000000, 0x00000000cff80000, 0x00000000eab00000)
  object space 261632K, 75% used [0x00000000c0000000,0x00000000cc034948,0x00000000cff80000)
 Metaspace       used 125432K, capacity 135402K, committed 136344K, reserved 1167360K
  class space    used 16108K, capacity 18300K, committed 18608K, reserved 1048576K
Event: 34964.975 GC heap after
Heap after GC invocations=104 (full 7):
 PSYoungGen      total 274944K, used 73764K [0x00000000eab00000, 0x0000000100000000, 0x0000000100000000)
  eden space 200704K, 0% used [0x00000000eab00000,0x00000000eab00000,0x00000000f6f00000)
  from space 74240K, 99% used [0x00000000f6f00000,0x00000000fb709050,0x00000000fb780000)
  to   space 74240K, 0% used [0x00000000fb780000,0x00000000fb780000,0x0000000100000000)
 ParOldGen       total 261632K, used 237697K [0x00000000c0000000, 0x00000000cff80000, 0x00000000eab00000)
  object space 261632K, 90% used [0x00000000c0000000,0x00000000ce820680,0x00000000cff80000)
 Metaspace       used 125432K, capacity 135402K, committed 136344K, reserved 1167360K
  class space    used 16108K, capacity 18300K, committed 18608K, reserved 1048576K
}
Event: 34964.975 GC heap before
{Heap before GC invocations=105 (full 8):
 PSYoungGen      total 274944K, used 73764K [0x00000000eab00000, 0x0000000100000000, 0x0000000100000000)
  eden space 200704K, 0% used [0x00000000eab00000,0x00000000eab00000,0x00000000f6f00000)
  from space 74240K, 99% used [0x00000000f6f00000,0x00000000fb709050,0x00000000fb780000)
  to   space 74240K, 0% used [0x00000000fb780000,0x00000000fb780000,0x0000000100000000)
 ParOldGen       total 261632K, used 237697K [0x00000000c0000000, 0x00000000cff80000, 0x00000000eab00000)
  object space 261632K, 90% used [0x00000000c0000000,0x00000000ce820680,0x00000000cff80000)
 Metaspace       used 125432K, capacity 135402K, committed 136344K, reserved 1167360K
  class space    used 16108K, capacity 18300K, committed 18608K, reserved 1048576K
Event: 34965.644 GC heap after
Heap after GC invocations=105 (full 8):
 PSYoungGen      total 274944K, used 0K [0x00000000eab00000, 0x0000000100000000, 0x0000000100000000)
  eden space 200704K, 0% used [0x00000000eab00000,0x00000000eab00000,0x00000000f6f00000)
  from space 74240K, 0% used [0x00000000f6f00000,0x00000000f6f00000,0x00000000fb780000)
  to   space 74240K, 0% used [0x00000000fb780000,0x00000000fb780000,0x0000000100000000)
 ParOldGen       total 343552K, used 192061K [0x00000000c0000000, 0x00000000d4f80000, 0x00000000eab00000)
  object space 343552K, 55% used [0x00000000c0000000,0x00000000cbb8f718,0x00000000d4f80000)
 Metaspace       used 125307K, capacity 135158K, committed 136344K, reserved 1167360K
  class space    used 16067K, capacity 18226K, committed 18608K, reserved 1048576K
}
Event: 34979.098 GC heap before
{Heap before GC invocations=106 (full 8):
 PSYoungGen      total 274944K, used 200704K [0x00000000eab00000, 0x0000000100000000, 0x0000000100000000)
  eden space 200704K, 100% used [0x00000000eab00000,0x00000000f6f00000,0x00000000f6f00000)
  from space 74240K, 0% used [0x00000000f6f00000,0x00000000f6f00000,0x00000000fb780000)
  to   space 74240K, 0% used [0x00000000fb780000,0x00000000fb780000,0x0000000100000000)
 ParOldGen       total 343552K, used 192061K [0x00000000c0000000, 0x00000000d4f80000, 0x00000000eab00000)
  object space 343552K, 55% used [0x00000000c0000000,0x00000000cbb8f718,0x00000000d4f80000)
 Metaspace       used 125348K, capacity 135176K, committed 136344K, reserved 1167360K
  class space    used 16070K, capacity 18229K, committed 18608K, reserved 1048576K
Event: 34979.127 GC heap after
Heap after GC invocations=106 (full 8):
 PSYoungGen      total 251392K, used 6079K [0x00000000eab00000, 0x0000000100000000, 0x0000000100000000)
  eden space 177152K, 0% used [0x00000000eab00000,0x00000000eab00000,0x00000000f5800000)
  from space 74240K, 8% used [0x00000000fb780000,0x00000000fbd6fd48,0x0000000100000000)
  to   space 86016K, 0% used [0x00000000f5800000,0x00000000f5800000,0x00000000fac00000)
 ParOldGen       total 343552K, used 192061K [0x00000000c0000000, 0x00000000d4f80000, 0x00000000eab00000)
  object space 343552K, 55% used [0x00000000c0000000,0x00000000cbb8f718,0x00000000d4f80000)
 Metaspace       used 125348K, capacity 135176K, committed 136344K, reserved 1167360K
  class space    used 16070K, capacity 18229K, committed 18608K, reserved 1048576K
}
Event: 34999.688 GC heap before
{Heap before GC invocations=107 (full 8):
 PSYoungGen      total 251392K, used 183231K [0x00000000eab00000, 0x0000000100000000, 0x0000000100000000)
  eden space 177152K, 100% used [0x00000000eab00000,0x00000000f5800000,0x00000000f5800000)
  from space 74240K, 8% used [0x00000000fb780000,0x00000000fbd6fd48,0x0000000100000000)
  to   space 86016K, 0% used [0x00000000f5800000,0x00000000f5800000,0x00000000fac00000)
 ParOldGen       total 343552K, used 192061K [0x00000000c0000000, 0x00000000d4f80000, 0x00000000eab00000)
  object space 343552K, 55% used [0x00000000c0000000,0x00000000cbb8f718,0x00000000d4f80000)
 Metaspace       used 125461K, capacity 135382K, committed 136344K, reserved 1167360K
  class space    used 16079K, capacity 18242K, committed 18608K, reserved 1048576K
Event: 34999.697 GC heap after
Heap after GC invocations=107 (full 8):
 PSYoungGen      total 263168K, used 6496K [0x00000000eab00000, 0x0000000100000000, 0x0000000100000000)
  eden space 177152K, 0% used [0x00000000eab00000,0x00000000eab00000,0x00000000f5800000)
  from space 86016K, 7% used [0x00000000f5800000,0x00000000f5e58000,0x00000000fac00000)
  to   space 83456K, 0% used [0x00000000fae80000,0x00000000fae80000,0x0000000100000000)
 ParOldGen       total 343552K, used 196226K [0x00000000c0000000, 0x00000000d4f80000, 0x00000000eab00000)
  object space 343552K, 57% used [0x00000000c0000000,0x00000000cbfa09c0,0x00000000d4f80000)
 Metaspace       used 125461K, capacity 135382K, committed 136344K, reserved 1167360K
  class space    used 16079K, capacity 18242K, committed 18608K, reserved 1048576K
}
Event: 35008.839 GC heap before
{Heap before GC invocations=108 (full 8):
 PSYoungGen      total 263168K, used 183381K [0x00000000eab00000, 0x0000000100000000, 0x0000000100000000)
  eden space 177152K, 99% used [0x00000000eab00000,0x00000000f57bd600,0x00000000f5800000)
  from space 86016K, 7% used [0x00000000f5800000,0x00000000f5e58000,0x00000000fac00000)
  to   space 83456K, 0% used [0x00000000fae80000,0x00000000fae80000,0x0000000100000000)
 ParOldGen       total 343552K, used 196226K [0x00000000c0000000, 0x00000000d4f80000, 0x00000000eab00000)
  object space 343552K, 57% used [0x00000000c0000000,0x00000000cbfa09c0,0x00000000d4f80000)
 Metaspace       used 125510K, capacity 135530K, committed 136344K, reserved 1167360K
  class space    used 16088K, capacity 18256K, committed 18608K, reserved 1048576K
Event: 35008.849 GC heap after
Heap after GC invocations=108 (full 8):
 PSYoungGen      total 250368K, used 22683K [0x00000000eab00000, 0x00000000ff380000, 0x0000000100000000)
  eden space 179712K, 0% used [0x00000000eab00000,0x00000000eab00000,0x00000000f5a80000)
  from space 70656K, 32% used [0x00000000fae80000,0x00000000fc4a6cf0,0x00000000ff380000)
  to   space 78336K, 0% used [0x00000000f5a80000,0x00000000f5a80000,0x00000000fa700000)
 ParOldGen       total 343552K, used 197210K [0x00000000c0000000, 0x00000000d4f80000, 0x00000000eab00000)
  object space 343552K, 57% used [0x00000000c0000000,0x00000000cc0969c0,0x00000000d4f80000)
 Metaspace       used 125510K, capacity 135530K, committed 136344K, reserved 1167360K
  class space    used 16088K, capacity 18256K, committed 18608K, reserved 1048576K
}

